Mon Sep 22 2014 10:04:44 GMT+0100 (GMT Summer Time):
{ [Error: Command failed: error: Could not remove config section 'remote.azure'
]
  stack: [Getter/Setter],
  killed: false,
  code: 1,
  signal: null,
  __frame: 
   { name: 'LinkedRevisionControlClient_prototype__addRemotesToLocalGitRepo__5',
     line: 160,
     file: 'E:\\nodemodules\\node_modules\\azure-cli\\lib\\util\\git\\linkedrevisioncontrol._js',
     prev: 
      { name: 'GitClient_prototype_deploy__7',
        line: 210,
        file: 'E:\\nodemodules\\node_modules\\azure-cli\\lib\\util\\git\\linkedrevisioncontrol._js',
        prev: [Object],
        active: false,
        offset: 4,
        col: 2 },
     active: false,
     offset: 28,
     col: 4 },
  rawStack: [Getter] }
Error: Command failed: error: Could not remove config section 'remote.azure'

    at ChildProcess.exithandler (child_process.js:647:15)
    at ChildProcess.emit (events.js:98:17)
    at maybeClose (child_process.js:755:16)
    at Process.ChildProcess._handle.onexit (child_process.js:822:5)
    at LinkedRevisionControlClient_prototype__addRemotesToLocalGitRepo__5 (E:\nodemodules\node_modules\azure-cli\lib\util\git\linkedrevisioncontrol._js:188:4)
    at GitClient_prototype_deploy__7 (E:\nodemodules\node_modules\azure-cli\lib\util\git\linkedrevisioncontrol._js:214:2)
    at __4 (E:\nodemodules\node_modules\azure-cli\lib\commands\asm\site._js:268:12)

